











































































































[2020-12-06 23:26:23][INFO][predict_string] - ________________________________________
[2020-12-06 23:26:23][INFO][predict_string] - _________ New prediction ___________

[2020-12-06 23:26:23][INFO][predict_string] - Loading model, tokenizer and config
[2020-12-06 23:26:26][INFO][predict_string] - Creating classifier
[2020-12-06 23:26:26][INFO][predict_string] - Making prediction on a string






[2020-12-06 23:26:58][INFO][predict_string] - ________________________________________
[2020-12-06 23:26:58][INFO][predict_string] - _________ New prediction ___________

[2020-12-06 23:26:58][INFO][predict_string] - Loading model, tokenizer and config
[2020-12-06 23:27:01][INFO][predict_string] - Creating classifier
[2020-12-06 23:27:01][INFO][predict_string] - Making prediction on a string




[2020-12-06 23:27:19][INFO][predict_string] - ________________________________________
[2020-12-06 23:27:19][INFO][predict_string] - _________ New prediction ___________

[2020-12-06 23:27:19][INFO][predict_string] - Loading model, tokenizer and config
[2020-12-06 23:27:23][INFO][predict_string] - Creating classifier
[2020-12-06 23:27:23][INFO][predict_string] - Making prediction on a string




[2020-12-06 23:27:45][INFO][predict_string] - ________________________________________
[2020-12-06 23:27:45][INFO][predict_string] - _________ New prediction ___________

[2020-12-06 23:27:45][INFO][predict_string] - Loading model, tokenizer and config


[2020-12-06 23:27:49][INFO][predict_string] - Creating classifier
[2020-12-06 23:27:49][INFO][predict_string] - Making prediction on a string








































